#
# A fatal error has been detected by the Java Runtime Environment:
#
#  EXCEPTION_ACCESS_VIOLATION (0xc0000005) at pc=0x04d28f8c, pid=5568, tid=5180
#
# JRE version: 6.0_26-b03
# Java VM: Java HotSpot(TM) Client VM (20.1-b02 mixed mode, sharing windows-x86 )
# Problematic frame:
# C  [OpenAL32.dll+0x18f8c]
#
# If you would like to submit a bug report, please visit:
#   http://java.sun.com/webapps/bugreport/crash.jsp
#

---------------  T H R E A D  ---------------

Current thread (0x02b0b000):  VMThread [stack: 0x02bf0000,0x02c40000] [id=5180]

siginfo: ExceptionCode=0xc0000005, reading address 0x04e0eb50

Registers:
EAX=0x04e0eb50, EBX=0x7c901000, ECX=0x00000000, EDX=0x00000000
ESP=0x02c3fbb8, EBP=0x00000000, ESI=0x03496d30, EDI=0x00000000
EIP=0x04d28f8c, EFLAGS=0x00010206

Top of Stack: (sp=0x02c3fbb8)
0x02c3fbb8:   034973d0 04d60020 03497618 04d1bc26
0x02c3fbc8:   04d60020 04d60020 04d60020 7c9010e0
0x02c3fbd8:   00000000 04d1c23e 03497618 00000001
0x02c3fbe8:   78583b4e 02c3fc50 00000000 04d1c3b2
0x02c3fbf8:   04d60020 00000000 04d10000 04d1c3d6
0x02c3fc08:   00000000 04d1c44b 04d29f4f 04d10000
0x02c3fc18:   00000000 00000001 17fd2bd7 00000000
0x02c3fc28:   02c3fc70 001b4440 c0000005 00000001 

Instructions: (pc=0x04d28f8c)
0x04d28f6c:   33 ff 39 7e 10 74 39 8b 4e 10 c7 46 0c 01 00 00
0x04d28f7c:   00 51 e8 ed e9 ff ff 8b 46 08 89 7e 10 89 7e 0c
0x04d28f8c:   8b 10 83 c4 04 50 8b 42 08 ff d0 8b 46 04 89 7e
0x04d28f9c:   08 3b c7 74 08 8b 08 8b 51 08 50 ff d2 89 7e 04 


Register to memory mapping:

EAX=
[error occurred during error reporting (printing register info), id 0xc0000005]

Stack: [0x02bf0000,0x02c40000],  sp=0x02c3fbb8,  free space=318k
Native frames: (J=compiled Java code, j=interpreted, Vv=VM code, C=native code)
C  [OpenAL32.dll+0x18f8c]

[error occurred during error reporting (printing native stack), id 0xc0000005]

VM_Operation (0x0090f930): Exit, mode: safepoint, requested by thread 0x002b7400


---------------  P R O C E S S  ---------------

Java Threads: ( => current thread )
  0x031b6400 JavaThread "Thread-13" [_thread_blocked, id=4048, stack(0x03850000,0x038a0000)]
  0x03952400 JavaThread "jME3 Audio Thread" daemon [_thread_blocked, id=4848, stack(0x04cc0000,0x04d10000)]
  0x03159800 JavaThread "LWJGL Renderer Thread" [_thread_blocked, id=1848, stack(0x03800000,0x03850000)]
  0x030de400 JavaThread "thread applet-org.lwjgl.util.applet.AppletLoader-1" [_thread_blocked, id=3116, stack(0x03760000,0x037b0000)]
  0x030d5c00 JavaThread "AWT-EventQueue-2" [_thread_blocked, id=2468, stack(0x03540000,0x03590000)]
  0x030dd800 JavaThread "Applet 1 LiveConnect Worker Thread" [_thread_blocked, id=1932, stack(0x03710000,0x03760000)]
  0x030d3400 JavaThread "Browser Side Object Cleanup Thread" [_thread_blocked, id=3192, stack(0x032c0000,0x03310000)]
  0x030bdc00 JavaThread "CacheCleanUpThread" daemon [_thread_blocked, id=4808, stack(0x036c0000,0x03710000)]
  0x030cf400 JavaThread "CacheMemoryCleanUpThread" daemon [_thread_blocked, id=2108, stack(0x03630000,0x03680000)]
  0x03090400 JavaThread "SysExecutionTheadCreator" daemon [_thread_blocked, id=1192, stack(0x035e0000,0x03630000)]
  0x0308d000 JavaThread "Java Plug-In Heartbeat Thread" [_thread_blocked, id=4032, stack(0x03590000,0x035e0000)]
  0x0308a000 JavaThread "AWT-EventQueue-0" [_thread_blocked, id=4960, stack(0x034f0000,0x03540000)]
  0x03088800 JavaThread "AWT-Shutdown" [_thread_blocked, id=2176, stack(0x033d0000,0x03420000)]
  0x02ba1800 JavaThread "Java2D Disposer" daemon [_thread_blocked, id=4996, stack(0x03380000,0x033d0000)]
  0x02b71400 JavaThread "Java Plug-In Pipe Worker Thread (Client-Side)" daemon [_thread_blocked, id=2728, stack(0x03310000,0x03360000)]
  0x030cec00 JavaThread "Timer-0" [_thread_blocked, id=5108, stack(0x03270000,0x032c0000)]
  0x02b6c000 JavaThread "traceMsgQueueThread" daemon [_thread_blocked, id=3124, stack(0x03020000,0x03070000)]
  0x02b60c00 JavaThread "Low Memory Detector" daemon [_thread_blocked, id=2384, stack(0x02dd0000,0x02e20000)]
  0x02b52000 JavaThread "C1 CompilerThread0" daemon [_thread_blocked, id=6120, stack(0x02d80000,0x02dd0000)]
  0x02b50800 JavaThread "Attach Listener" daemon [_thread_blocked, id=1204, stack(0x02d30000,0x02d80000)]
  0x02b4bc00 JavaThread "Finalizer" daemon [_thread_blocked, id=4064, stack(0x02c90000,0x02ce0000)]
  0x02b47000 JavaThread "Reference Handler" daemon [_thread_blocked, id=440, stack(0x02c40000,0x02c90000)]
  0x002b7400 JavaThread "main" [_thread_blocked, id=3760, stack(0x008c0000,0x00910000)]

Other Threads:
=>0x02b0b000 VMThread [stack: 0x02bf0000,0x02c40000] [id=5180]

VM state:at safepoint (shutting down)

VM Mutex/Monitor currently owned by a thread:  ([mutex/lock_event])
[0x002b6230] Threads_lock - owner thread: 0x02b0b000

Heap
 def new generation   total 4928K, used 2147K [0x22990000, 0x22ee0000, 0x27ee0000)
  eden space 4416K,  44% used [0x22990000, 0x22b760c0, 0x22de0000)
  from space 512K,  39% used [0x22e60000, 0x22e92c00, 0x22ee0000)
  to   space 512K,   0% used [0x22de0000, 0x22de0000, 0x22e60000)
 tenured generation   total 10944K, used 3414K [0x27ee0000, 0x28990000, 0x32990000)
   the space 10944K,  31% used [0x27ee0000, 0x282358f8, 0x28235a00, 0x28990000)
 compacting perm gen  total 12288K, used 6399K [0x32990000, 0x33590000, 0x36990000)
   the space 12288K,  52% used [0x32990000, 0x32fcff20, 0x32fd0000, 0x33590000)
    ro space 10240K,  51% used [0x36990000, 0x36ebdff8, 0x36ebe000, 0x37390000)
    rw space 12288K,  55% used [0x37390000, 0x37a2c208, 0x37a2c400, 0x37f90000)

Code Cache  [0x00910000, 0x00aa8000, 0x02910000)
 total_blobs=941 nmethods=660 adapters=217 free_code_cache=31896384 largest_free_block=0

Dynamic libraries:
0x00400000 - 0x00424000 	C:\Program Files\Java\jre6\bin\java.exe
0x7c900000 - 0x7c9b2000 	C:\WINDOWS\system32\ntdll.dll
0x7c800000 - 0x7c8f6000 	C:\WINDOWS\system32\kernel32.dll
0x77dd0000 - 0x77e6b000 	C:\WINDOWS\system32\ADVAPI32.dll
0x77e70000 - 0x77f03000 	C:\WINDOWS\system32\RPCRT4.dll
0x77fe0000 - 0x77ff1000 	C:\WINDOWS\system32\Secur32.dll
0x7c340000 - 0x7c396000 	C:\Program Files\Java\jre6\bin\msvcr71.dll
0x6d7f0000 - 0x6da9f000 	C:\Program Files\Java\jre6\bin\client\jvm.dll
0x7e410000 - 0x7e4a1000 	C:\WINDOWS\system32\USER32.dll
0x77f10000 - 0x77f59000 	C:\WINDOWS\system32\GDI32.dll
0x76b40000 - 0x76b6d000 	C:\WINDOWS\system32\WINMM.dll
0x76390000 - 0x763ad000 	C:\WINDOWS\system32\IMM32.DLL
0x5cd70000 - 0x5cd77000 	C:\WINDOWS\system32\serwvdrv.dll
0x5b0a0000 - 0x5b0a7000 	C:\WINDOWS\system32\umdmxfrm.dll
0x6d7a0000 - 0x6d7ac000 	C:\Program Files\Java\jre6\bin\verify.dll
0x6d320000 - 0x6d33f000 	C:\Program Files\Java\jre6\bin\java.dll
0x76bf0000 - 0x76bfb000 	C:\WINDOWS\system32\PSAPI.DLL
0x6d7e0000 - 0x6d7ef000 	C:\Program Files\Java\jre6\bin\zip.dll
0x6d420000 - 0x6d426000 	C:\Program Files\Java\jre6\bin\jp2native.dll
0x6d1d0000 - 0x6d1e3000 	C:\Program Files\Java\jre6\bin\deploy.dll
0x77a80000 - 0x77b15000 	C:\WINDOWS\system32\CRYPT32.dll
0x77b20000 - 0x77b32000 	C:\WINDOWS\system32\MSASN1.dll
0x77c10000 - 0x77c68000 	C:\WINDOWS\system32\msvcrt.dll
0x7c9c0000 - 0x7d1d7000 	C:\WINDOWS\system32\SHELL32.dll
0x77f60000 - 0x77fd6000 	C:\WINDOWS\system32\SHLWAPI.dll
0x774e0000 - 0x7761e000 	C:\WINDOWS\system32\ole32.dll
0x77120000 - 0x771ab000 	C:\WINDOWS\system32\OLEAUT32.dll
0x3d930000 - 0x3da16000 	C:\WINDOWS\system32\WININET.dll
0x02e70000 - 0x02e79000 	C:\WINDOWS\system32\Normaliz.dll
0x78130000 - 0x78263000 	C:\WINDOWS\system32\urlmon.dll
0x3dfd0000 - 0x3e1b9000 	C:\WINDOWS\system32\iertutil.dll
0x773d0000 - 0x774d3000 	C:\WINDOWS\WinSxS\x86_Microsoft.Windows.Common-Controls_6595b64144ccf1df_6.0.2600.6028_x-ww_61e65202\comctl32.dll
0x6d6a0000 - 0x6d6e6000 	C:\Program Files\Java\jre6\bin\regutils.dll
0x77c00000 - 0x77c08000 	C:\WINDOWS\system32\VERSION.dll
0x6d600000 - 0x6d613000 	C:\Program Files\Java\jre6\bin\net.dll
0x71ab0000 - 0x71ac7000 	C:\WINDOWS\system32\WS2_32.dll
0x71aa0000 - 0x71aa8000 	C:\WINDOWS\system32\WS2HELP.dll
0x6d620000 - 0x6d629000 	C:\Program Files\Java\jre6\bin\nio.dll
0x6d000000 - 0x6d14b000 	C:\Program Files\Java\jre6\bin\awt.dll
0x73000000 - 0x73026000 	C:\WINDOWS\system32\WINSPOOL.DRV
0x605c0000 - 0x605ce000 	C:\Documents and Settings\All Users\Application Data\Real\RealPlayer\BrowserRecordPlugin\Chrome\Hook\rpchrome10browserrecordhelper.dll
0x78520000 - 0x785c3000 	C:\WINDOWS\WinSxS\x86_Microsoft.VC90.CRT_1fc8b3b9a1e18e3b_9.0.30729.6161_x-ww_31a54e43\MSVCR90.dll
0x78480000 - 0x7850e000 	C:\WINDOWS\WinSxS\x86_Microsoft.VC90.CRT_1fc8b3b9a1e18e3b_9.0.30729.6161_x-ww_31a54e43\MSVCP90.dll
0x74720000 - 0x7476c000 	C:\WINDOWS\system32\MSCTF.dll
0x755c0000 - 0x755ee000 	C:\WINDOWS\system32\msctfime.ime
0x6d230000 - 0x6d27f000 	C:\Program Files\Java\jre6\bin\fontmanager.dll
0x10000000 - 0x10071000 	C:\Documents and Settings\HOME\Local Settings\Temp\lwjglcache\localhost\MyGame\natives\lwjgl.dll
0x5ed00000 - 0x5edcc000 	C:\WINDOWS\system32\OPENGL32.dll
0x68b20000 - 0x68b40000 	C:\WINDOWS\system32\GLU32.dll
0x73760000 - 0x737ab000 	C:\WINDOWS\system32\DDRAW.dll
0x73bc0000 - 0x73bc6000 	C:\WINDOWS\system32\DCIMAN32.dll
0x6d350000 - 0x6d356000 	C:\Program Files\Java\jre6\bin\jawt.dll
0x69500000 - 0x6a473000 	C:\WINDOWS\system32\nvoglnt.dll
0x04d10000 - 0x04d4a000 	C:\DOCUME~1\HOME\LOCALS~1\Temp\lwjglcache\localhost\MyGame\natives\OpenAL32.dll
0x73f10000 - 0x73f6c000 	C:\WINDOWS\system32\dsound.dll
0x76c30000 - 0x76c5e000 	C:\WINDOWS\system32\WINTRUST.dll
0x76c90000 - 0x76cb8000 	C:\WINDOWS\system32\IMAGEHLP.dll
0x72d20000 - 0x72d29000 	C:\WINDOWS\system32\wdmaud.drv
0x72d10000 - 0x72d18000 	C:\WINDOWS\system32\msacm32.drv
0x77be0000 - 0x77bf5000 	C:\WINDOWS\system32\MSACM32.dll
0x77bd0000 - 0x77bd7000 	C:\WINDOWS\system32\midimap.dll
0x73ee0000 - 0x73ee4000 	C:\WINDOWS\system32\KsUser.dll
0x59a60000 - 0x59b01000 	C:\WINDOWS\system32\dbghelp.dll

VM Arguments:
jvm_args: -D__jvm_launched=150439373921 -Xbootclasspath/a:C:\PROGRA~1\Java\jre6\lib\deploy.jar;C:\PROGRA~1\Java\jre6\lib\javaws.jar;C:\PROGRA~1\Java\jre6\lib\plugin.jar -Dsun.awt.warmup=true -Dsun.java2d.noddraw=true -Dsun.awt.noerasebackground=true -Dsun.java2d.d3d=false -Dsun.java2d.opengl=false 
java_command: sun.plugin2.main.client.PluginMain write_pipe_name=jpi2_pid3976_pipe2,read_pipe_name=jpi2_pid3976_pipe1
Launcher Type: SUN_STANDARD

Environment Variables:
JAVA_HOME=C:\Program Files\Java\jdk1.6.0_26\bin
PATH=C:\sandbox\jbreslin33-berkelium\vclient\build\dist\bin;C:\WINDOWS\system32;C:\WINDOWS;C:\WINDOWS\System32\Wbem;C:\Program Files\ATI Technologies\ATI.ACE\Core-Static;C:\Program Files\Mercurial\;C:\Program Files\CMake 2.8\bin;C:\Program Files\TortoiseHg\;C:\Program Files\Java\jdk1.6.0_26\bin;C:\sandbox\depot_tools;C:\Program Files\GnuWin32\bin;C:\apache-ant-1.8.2\bin
USERNAME=HOME
OS=Windows_NT
PROCESSOR_IDENTIFIER=x86 Family 15 Model 79 Stepping 2, AuthenticAMD



---------------  S Y S T E M  ---------------

OS: Windows XP Build 2600 Service Pack 3

CPU:total 1 (1 cores per cpu, 1 threads per core) family 15 model 79 stepping 2, cmov, cx8, fxsr, mmx, sse, sse2, sse3, mmxext, 3dnow, 3dnowext

Memory: 4k page, physical 2030000k(192052k free), swap 3969020k(1279912k free)

vm_info: Java HotSpot(TM) Client VM (20.1-b02) for windows-x86 JRE (1.6.0_26-b03), built on May  4 2011 00:50:59 by "java_re" with MS VC++ 7.1 (VS2003)

time: Sat Jul 16 17:58:44 2011
elapsed time: 20 seconds

